<?xml version="1.0" encoding="UTF-8" ?>
<testsuite tests="9" failures="0" name="io.gamigo.game.GameTest" time="0.046" errors="0" skipped="0">
  <properties>
    <property name="java.runtime.name" value="Java(TM) SE Runtime Environment"/>
    <property name="java.vm.version" value="11.0.1+13-LTS"/>
    <property name="sun.boot.library.path" value="C:\Program Files\Java\jdk-11.0.1\bin"/>
    <property name="maven.multiModuleProjectDirectory" value="C:\Users\Vivek\eclipse-workspace\GamigoAssessment"/>
    <property name="java.vm.vendor" value="Oracle Corporation"/>
    <property name="java.vendor.url" value="http://java.oracle.com/"/>
    <property name="guice.disable.misplaced.annotation.check" value="true"/>
    <property name="path.separator" value=";"/>
    <property name="java.vm.name" value="Java HotSpot(TM) 64-Bit Server VM"/>
    <property name="sun.os.patch.level" value=""/>
    <property name="user.script" value=""/>
    <property name="user.country" value="US"/>
    <property name="sun.java.launcher" value="SUN_STANDARD"/>
    <property name="java.vm.specification.name" value="Java Virtual Machine Specification"/>
    <property name="user.dir" value="C:\Users\Vivek\eclipse-workspace\GamigoAssessment"/>
    <property name="java.vm.compressedOopsMode" value="Zero based"/>
    <property name="java.runtime.version" value="11.0.1+13-LTS"/>
    <property name="java.awt.graphicsenv" value="sun.awt.Win32GraphicsEnvironment"/>
    <property name="os.arch" value="amd64"/>
    <property name="java.io.tmpdir" value="C:\Users\Vivek\AppData\Local\Temp\"/>
    <property name="line.separator" value="
"/>
    <property name="java.vm.specification.vendor" value="Oracle Corporation"/>
    <property name="user.variant" value=""/>
    <property name="os.name" value="Windows 10"/>
    <property name="classworlds.conf" value="C:\Users\Vivek\eclipse-workspace\.metadata\.plugins\org.eclipse.m2e.launching\launches\m2conf4597035545084123493.tmp"/>
    <property name="sun.jnu.encoding" value="Cp1252"/>
    <property name="java.library.path" value="C:\Program Files\Java\jdk-11.0.1\bin;C:\WINDOWS\Sun\Java\bin;C:\WINDOWS\system32;C:\WINDOWS;C:/Program Files/Java/jre1.8.0_201/bin/server;C:/Program Files/Java/jre1.8.0_201/bin;C:/Program Files/Java/jre1.8.0_201/lib/amd64;C:\Program Files (x86)\Common Files\Oracle\Java\javapath;C:\Program Files\Java\jdk-11.0.1\bin;C:\Program Files (x86)\Intel\iCLS Client\;C:\Program Files\Intel\iCLS Client\;C:\WINDOWS\system32;C:\WINDOWS;C:\WINDOWS\System32\Wbem;C:\WINDOWS\System32\WindowsPowerShell\v1.0\;C:\Program Files (x86)\Intel\Intel(R) Management Engine Components\DAL;C:\Program Files\Intel\Intel(R) Management Engine Components\DAL;C:\Program Files (x86)\Intel\Intel(R) Management Engine Components\IPT;C:\Program Files\Intel\Intel(R) Management Engine Components\IPT;C:\WINDOWS\System32\OpenSSH\;C:\Program Files\Intel\WiFi\bin\;C:\Program Files\Common Files\Intel\WirelessCommon\;C:\Program Files\nodejs\;C:\Users\Vivek\AppData\Local\Microsoft\WindowsApps;C:\Users\Vivek\apache-ant-1.10.5\bin;C:\Users\Vivek\apache-maven-3.6.0\bin;C:\Users\Vivek\AppData\Roaming\npm;C:\Users\Vivek\Downloads\eclipse;;."/>
    <property name="jdk.debug" value="release"/>
    <property name="java.class.version" value="55.0"/>
    <property name="java.specification.name" value="Java Platform API Specification"/>
    <property name="sun.management.compiler" value="HotSpot 64-Bit Tiered Compilers"/>
    <property name="os.version" value="10.0"/>
    <property name="user.home" value="C:\Users\Vivek"/>
    <property name="user.timezone" value="America/Chicago"/>
    <property name="java.awt.printerjob" value="sun.awt.windows.WPrinterJob"/>
    <property name="file.encoding" value="Cp1252"/>
    <property name="java.specification.version" value="11"/>
    <property name="user.name" value="Vivek"/>
    <property name="java.class.path" value="C:\Users\Vivek\Downloads\eclipse\plugins\org.eclipse.m2e.maven.runtime_1.10.0.20181127-2120\jars\plexus-classworlds-2.5.2.jar"/>
    <property name="java.vm.specification.version" value="11"/>
    <property name="sun.arch.data.model" value="64"/>
    <property name="sun.java.command" value="org.codehaus.plexus.classworlds.launcher.Launcher -B install"/>
    <property name="java.home" value="C:\Program Files\Java\jdk-11.0.1"/>
    <property name="user.language" value="en"/>
    <property name="java.specification.vendor" value="Oracle Corporation"/>
    <property name="awt.toolkit" value="sun.awt.windows.WToolkit"/>
    <property name="java.vm.info" value="mixed mode"/>
    <property name="java.version" value="11.0.1"/>
    <property name="java.vendor" value="Oracle Corporation"/>
    <property name="maven.home" value="C:\Users\Vivek\eclipse-workspace\GamigoAssessment\EMBEDDED"/>
    <property name="file.separator" value="\"/>
    <property name="java.version.date" value="2018-10-16"/>
    <property name="java.vendor.url.bug" value="http://bugreport.java.com/bugreport/"/>
    <property name="sun.io.unicode.encoding" value="UnicodeLittle"/>
    <property name="sun.cpu.endian" value="little"/>
    <property name="java.vendor.version" value="18.9"/>
    <property name="sun.desktop" value="windows"/>
    <property name="sun.cpu.isalist" value="amd64"/>
  </properties>
  <testcase classname="io.gamigo.game.GameTest" name="compareSelection_WhenChoice1NotPaper_ShouldReturnFalse" time="0.023"/>
  <testcase classname="io.gamigo.game.GameTest" name="getPlayerChoice_WhenInvalidPlayerInput_ShouldReturnZero" time="0"/>
  <testcase classname="io.gamigo.game.GameTest" name="compareSelection_WhenChoice2IsRock_Player1ShouldWin" time="0"/>
  <testcase classname="io.gamigo.game.GameTest" name="getPlayerChoice_WhenPlayer2Input_ShouldReturnRandomChoice" time="0.001"/>
  <testcase classname="io.gamigo.game.GameTest" name="getPlayerChoice_WhenInputIsNegative_ShouldReturnZero" time="0"/>
  <testcase classname="io.gamigo.game.GameTest" name="compareSelection_WhenChoice2IsScissor_Player2ShouldWin" time="0"/>
  <testcase classname="io.gamigo.game.GameTest" name="getPlayerChoice_WhenPlayer1Input_ShouldReturnPaper" time="0"/>
  <testcase classname="io.gamigo.game.GameTest" name="startGame_NormalInput_Success" time="0.022"/>
  <testcase classname="io.gamigo.game.GameTest" name="compareSelection_WhenChoice2IsPaper_ShouldTie" time="0"/>
</testsuite>